[debug] [2021-05-26T03:35:27.831Z] ----------------------------------------------------------------------
[debug] [2021-05-26T03:35:27.832Z] Command:       /Users/jerrykim/.nvm/versions/node/v15.14.0/bin/node /Users/jerrykim/.nvm/versions/node/v15.14.0/bin/firebase deploy
[debug] [2021-05-26T03:35:27.832Z] CLI Version:   9.10.2
[debug] [2021-05-26T03:35:27.832Z] Platform:      darwin
[debug] [2021-05-26T03:35:27.832Z] Node Version:  v15.14.0
[debug] [2021-05-26T03:35:27.835Z] Time:          Wed May 26 2021 15:35:27 GMT+1200 (New Zealand Standard Time)
[debug] [2021-05-26T03:35:27.835Z] ----------------------------------------------------------------------
[debug] 
[debug] [2021-05-26T03:35:27.838Z] > command requires scopes: ["email","openid","https://www.googleapis.com/auth/cloudplatformprojects.readonly","https://www.googleapis.com/auth/firebase","https://www.googleapis.com/auth/cloud-platform"]
[debug] [2021-05-26T03:35:27.838Z] > authorizing via signed-in user (cba.caito@gmail.com)
[debug] [2021-05-26T03:35:27.838Z] [iam] checking project yuni-chanz-framework for permissions ["firebase.projects.get","firebasehosting.sites.update"]
[debug] [2021-05-26T03:35:27.839Z] > refreshing access token with scopes: ["email","https://www.googleapis.com/auth/cloud-platform","https://www.googleapis.com/auth/cloudplatformprojects.readonly","https://www.googleapis.com/auth/firebase","openid"]
[debug] [2021-05-26T03:35:27.839Z] >>> HTTP REQUEST POST https://www.googleapis.com/oauth2/v3/token  
 <request body omitted>
[debug] [2021-05-26T03:35:28.211Z] <<< HTTP RESPONSE 200 {"cache-control":"no-cache, no-store, max-age=0, must-revalidate","pragma":"no-cache","date":"Wed, 26 May 2021 03:35:28 GMT","expires":"Mon, 01 Jan 1990 00:00:00 GMT","content-type":"application/json; charset=utf-8","vary":"X-Origin, Referer, Origin,Accept-Encoding","server":"scaffolding on HTTPServer2","x-xss-protection":"0","x-frame-options":"SAMEORIGIN","x-content-type-options":"nosniff","alt-svc":"h3-29=\":443\"; ma=2592000,h3-T051=\":443\"; ma=2592000,h3-Q050=\":443\"; ma=2592000,h3-Q046=\":443\"; ma=2592000,h3-Q043=\":443\"; ma=2592000,quic=\":443\"; ma=2592000; v=\"46,43\"","accept-ranges":"none","transfer-encoding":"chunked"}
[debug] [2021-05-26T03:35:28.258Z] >>> HTTP REQUEST POST https://cloudresourcemanager.googleapis.com/v1/projects/yuni-chanz-framework:testIamPermissions  
 {"permissions":["firebase.projects.get","firebasehosting.sites.update"]}
[debug] [2021-05-26T03:35:29.077Z] <<< HTTP RESPONSE 200 {"content-type":"application/json; charset=UTF-8","vary":"X-Origin, Referer, Origin,Accept-Encoding","date":"Wed, 26 May 2021 03:35:28 GMT","server":"ESF","cache-control":"private","x-xss-protection":"0","x-frame-options":"SAMEORIGIN","x-content-type-options":"nosniff","server-timing":"gfet4t7; dur=247","alt-svc":"h3-29=\":443\"; ma=2592000,h3-T051=\":443\"; ma=2592000,h3-Q050=\":443\"; ma=2592000,h3-Q046=\":443\"; ma=2592000,h3-Q043=\":443\"; ma=2592000,quic=\":443\"; ma=2592000; v=\"46,43\"","accept-ranges":"none","transfer-encoding":"chunked"}
[debug] [2021-05-26T03:35:29.079Z] [iam] error while checking permissions, command may fail: FirebaseError: Authorization failed. This account is missing the following required permissions on project yuni-chanz-framework:

  firebase.projects.get
  firebasehosting.sites.update
[debug] [2021-05-26T03:35:29.080Z] > refreshing access token with scopes: []
[debug] [2021-05-26T03:35:29.081Z] >>> HTTP REQUEST POST https://www.googleapis.com/oauth2/v3/token  
 <request body omitted>
[debug] [2021-05-26T03:35:29.531Z] <<< HTTP RESPONSE 200 {"date":"Wed, 26 May 2021 03:35:29 GMT","pragma":"no-cache","expires":"Mon, 01 Jan 1990 00:00:00 GMT","cache-control":"no-cache, no-store, max-age=0, must-revalidate","content-type":"application/json; charset=utf-8","vary":"X-Origin, Referer, Origin,Accept-Encoding","server":"scaffolding on HTTPServer2","x-xss-protection":"0","x-frame-options":"SAMEORIGIN","x-content-type-options":"nosniff","alt-svc":"h3-29=\":443\"; ma=2592000,h3-T051=\":443\"; ma=2592000,h3-Q050=\":443\"; ma=2592000,h3-Q046=\":443\"; ma=2592000,h3-Q043=\":443\"; ma=2592000,quic=\":443\"; ma=2592000; v=\"46,43\"","accept-ranges":"none","transfer-encoding":"chunked"}
[debug] [2021-05-26T03:35:29.579Z] >>> [apiv2][query] GET https://firebase.googleapis.com/v1beta1/projects/yuni-chanz-framework [none]
[debug] [2021-05-26T03:35:30.316Z] <<< [apiv2][status] GET https://firebase.googleapis.com/v1beta1/projects/yuni-chanz-framework 403
[debug] [2021-05-26T03:35:30.316Z] <<< [apiv2][body] GET https://firebase.googleapis.com/v1beta1/projects/yuni-chanz-framework {"error":{"code":403,"message":"The caller does not have permission","status":"PERMISSION_DENIED"}}
[debug] [2021-05-26T03:35:30.316Z] HTTP Error: 403, The caller does not have permission
[debug] [2021-05-26T03:35:30.643Z] FirebaseError: HTTP Error: 403, The caller does not have permission
    at module.exports (/Users/jerrykim/.nvm/versions/node/v15.14.0/lib/node_modules/firebase-tools/lib/responseToError.js:38:12)
    at Client.doRequest (/Users/jerrykim/.nvm/versions/node/v15.14.0/lib/node_modules/firebase-tools/lib/apiv2.js:238:23)
    at processTicksAndRejections (node:internal/process/task_queues:94:5)
    at async Client.request (/Users/jerrykim/.nvm/versions/node/v15.14.0/lib/node_modules/firebase-tools/lib/apiv2.js:96:20)
    at async Object.getFirebaseProject (/Users/jerrykim/.nvm/versions/node/v15.14.0/lib/node_modules/firebase-tools/lib/management/projects.js:290:21)
    at async Object.getDefaultHostingSite (/Users/jerrykim/.nvm/versions/node/v15.14.0/lib/node_modules/firebase-tools/lib/getDefaultHostingSite.js:8:21)
    at async requireHostingSite (/Users/jerrykim/.nvm/versions/node/v15.14.0/lib/node_modules/firebase-tools/lib/requireHostingSite.js:9:18)
    at async Object.fn (/Users/jerrykim/.nvm/versions/node/v15.14.0/lib/node_modules/firebase-tools/lib/commands/deploy.js:66:9)
    at async /Users/jerrykim/.nvm/versions/node/v15.14.0/lib/node_modules/firebase-tools/lib/command.js:169:17
[error] 
[error] Error: Failed to get Firebase project yuni-chanz-framework. Please make sure the project exists and your account has permission to access it.
